CRITICAL - 2022-03-02 00:00:16 --> session_destroy() expects exactly 0 parameters, 1 given
#0 [internal function]: CodeIgniter\Debug\Exceptions->errorHandler(2, 'session_destroy...', 'C:\\xampp\\htdocs...', 208, Array)
#1 C:\xampp\htdocs\ci4\app\Controllers\News.php(208): session_destroy(NULL)
#2 C:\xampp\htdocs\ci4\system\CodeIgniter.php(825): App\Controllers\News->logout()
#3 C:\xampp\htdocs\ci4\system\CodeIgniter.php(412): CodeIgniter\CodeIgniter->runController(Object(App\Controllers\News))
#4 C:\xampp\htdocs\ci4\system\CodeIgniter.php(320): CodeIgniter\CodeIgniter->handleRequest(NULL, Object(Config\Cache), false)
#5 C:\xampp\htdocs\ci4\public\index.php(37): CodeIgniter\CodeIgniter->run()
#6 {main}
CRITICAL - 2022-03-02 00:00:40 --> session_destroy(): Trying to destroy uninitialized session
#0 [internal function]: CodeIgniter\Debug\Exceptions->errorHandler(2, 'session_destroy...', 'C:\\xampp\\htdocs...', 208, Array)
#1 C:\xampp\htdocs\ci4\app\Controllers\News.php(208): session_destroy()
#2 C:\xampp\htdocs\ci4\system\CodeIgniter.php(825): App\Controllers\News->logout()
#3 C:\xampp\htdocs\ci4\system\CodeIgniter.php(412): CodeIgniter\CodeIgniter->runController(Object(App\Controllers\News))
#4 C:\xampp\htdocs\ci4\system\CodeIgniter.php(320): CodeIgniter\CodeIgniter->handleRequest(NULL, Object(Config\Cache), false)
#5 C:\xampp\htdocs\ci4\public\index.php(37): CodeIgniter\CodeIgniter->run()
#6 {main}
CRITICAL - 2022-03-02 00:02:52 --> Call to a member function remove() on null
#0 C:\xampp\htdocs\ci4\system\CodeIgniter.php(825): App\Controllers\News->logout()
#1 C:\xampp\htdocs\ci4\system\CodeIgniter.php(412): CodeIgniter\CodeIgniter->runController(Object(App\Controllers\News))
#2 C:\xampp\htdocs\ci4\system\CodeIgniter.php(320): CodeIgniter\CodeIgniter->handleRequest(NULL, Object(Config\Cache), false)
#3 C:\xampp\htdocs\ci4\public\index.php(37): CodeIgniter\CodeIgniter->run()
#4 {main}
CRITICAL - 2022-03-02 00:26:30 --> Call to undefined method CodeIgniter\HTTP\IncomingRequest::get()
#0 C:\xampp\htdocs\ci4\system\CodeIgniter.php(825): App\Controllers\News->delete()
#1 C:\xampp\htdocs\ci4\system\CodeIgniter.php(412): CodeIgniter\CodeIgniter->runController(Object(App\Controllers\News))
#2 C:\xampp\htdocs\ci4\system\CodeIgniter.php(320): CodeIgniter\CodeIgniter->handleRequest(NULL, Object(Config\Cache), false)
#3 C:\xampp\htdocs\ci4\public\index.php(37): CodeIgniter\CodeIgniter->run()
#4 {main}
CRITICAL - 2022-03-02 01:12:07 --> syntax error, unexpected '->' (T_OBJECT_OPERATOR), expecting ';' or ','
#0 C:\xampp\htdocs\ci4\system\View\View.php(213): CodeIgniter\View\View->CodeIgniter\View\{closure}()
#1 C:\xampp\htdocs\ci4\system\Common.php(1089): CodeIgniter\View\View->render('news/create', Array, true)
#2 C:\xampp\htdocs\ci4\app\Controllers\News.php(143): view('news/create', Array)
#3 C:\xampp\htdocs\ci4\system\CodeIgniter.php(825): App\Controllers\News->create()
#4 C:\xampp\htdocs\ci4\system\CodeIgniter.php(412): CodeIgniter\CodeIgniter->runController(Object(App\Controllers\News))
#5 C:\xampp\htdocs\ci4\system\CodeIgniter.php(320): CodeIgniter\CodeIgniter->handleRequest(NULL, Object(Config\Cache), false)
#6 C:\xampp\htdocs\ci4\public\index.php(37): CodeIgniter\CodeIgniter->run()
#7 {main}
CRITICAL - 2022-03-02 01:12:43 --> syntax error, unexpected '->' (T_OBJECT_OPERATOR), expecting ';' or ','
#0 C:\xampp\htdocs\ci4\system\View\View.php(213): CodeIgniter\View\View->CodeIgniter\View\{closure}()
#1 C:\xampp\htdocs\ci4\system\Common.php(1089): CodeIgniter\View\View->render('news/create', Array, true)
#2 C:\xampp\htdocs\ci4\app\Controllers\News.php(143): view('news/create', Array)
#3 C:\xampp\htdocs\ci4\system\CodeIgniter.php(825): App\Controllers\News->create()
#4 C:\xampp\htdocs\ci4\system\CodeIgniter.php(412): CodeIgniter\CodeIgniter->runController(Object(App\Controllers\News))
#5 C:\xampp\htdocs\ci4\system\CodeIgniter.php(320): CodeIgniter\CodeIgniter->handleRequest(NULL, Object(Config\Cache), false)
#6 C:\xampp\htdocs\ci4\public\index.php(37): CodeIgniter\CodeIgniter->run()
#7 {main}
CRITICAL - 2022-03-02 01:24:19 --> Argument 2 passed to CodeIgniter\HTTP\RedirectResponse::to() must be of the type int or null, array given, called in C:\xampp\htdocs\ci4\app\Controllers\News.php on line 237
#0 C:\xampp\htdocs\ci4\app\Controllers\News.php(237): CodeIgniter\HTTP\RedirectResponse->to('http://localhos...', Array)
#1 C:\xampp\htdocs\ci4\system\CodeIgniter.php(825): App\Controllers\News->edit('28')
#2 C:\xampp\htdocs\ci4\system\CodeIgniter.php(412): CodeIgniter\CodeIgniter->runController(Object(App\Controllers\News))
#3 C:\xampp\htdocs\ci4\system\CodeIgniter.php(320): CodeIgniter\CodeIgniter->handleRequest(NULL, Object(Config\Cache), false)
#4 C:\xampp\htdocs\ci4\public\index.php(37): CodeIgniter\CodeIgniter->run()
#5 {main}
CRITICAL - 2022-03-02 01:25:28 --> Invalid argument supplied for foreach()
#0 C:\xampp\htdocs\ci4\app\Views\news\create.php(25): CodeIgniter\Debug\Exceptions->errorHandler(2, 'Invalid argumen...', 'C:\\xampp\\htdocs...', 25, Array)
#1 C:\xampp\htdocs\ci4\system\View\View.php(210): include('C:\\xampp\\htdocs...')
#2 C:\xampp\htdocs\ci4\system\View\View.php(213): CodeIgniter\View\View->CodeIgniter\View\{closure}()
#3 C:\xampp\htdocs\ci4\system\Common.php(1089): CodeIgniter\View\View->render('news/create', Array, true)
#4 C:\xampp\htdocs\ci4\app\Controllers\News.php(236): view('news/create', Array)
#5 C:\xampp\htdocs\ci4\system\CodeIgniter.php(825): App\Controllers\News->edit('28')
#6 C:\xampp\htdocs\ci4\system\CodeIgniter.php(412): CodeIgniter\CodeIgniter->runController(Object(App\Controllers\News))
#7 C:\xampp\htdocs\ci4\system\CodeIgniter.php(320): CodeIgniter\CodeIgniter->handleRequest(NULL, Object(Config\Cache), false)
#8 C:\xampp\htdocs\ci4\public\index.php(37): CodeIgniter\CodeIgniter->run()
#9 {main}
CRITICAL - 2022-03-02 03:53:03 --> Invalid argument supplied for foreach()
#0 C:\xampp\htdocs\ci4\app\Views\news\create.php(22): CodeIgniter\Debug\Exceptions->errorHandler(2, 'Invalid argumen...', 'C:\\xampp\\htdocs...', 22, Array)
#1 C:\xampp\htdocs\ci4\system\View\View.php(210): include('C:\\xampp\\htdocs...')
#2 C:\xampp\htdocs\ci4\system\View\View.php(213): CodeIgniter\View\View->CodeIgniter\View\{closure}()
#3 C:\xampp\htdocs\ci4\system\Common.php(1089): CodeIgniter\View\View->render('news/create', Array, true)
#4 C:\xampp\htdocs\ci4\app\Controllers\News.php(237): view('news/create', Array)
#5 C:\xampp\htdocs\ci4\system\CodeIgniter.php(825): App\Controllers\News->edit('28')
#6 C:\xampp\htdocs\ci4\system\CodeIgniter.php(412): CodeIgniter\CodeIgniter->runController(Object(App\Controllers\News))
#7 C:\xampp\htdocs\ci4\system\CodeIgniter.php(320): CodeIgniter\CodeIgniter->handleRequest(NULL, Object(Config\Cache), false)
#8 C:\xampp\htdocs\ci4\public\index.php(37): CodeIgniter\CodeIgniter->run()
#9 {main}
CRITICAL - 2022-03-02 03:55:07 --> Invalid argument supplied for foreach()
#0 C:\xampp\htdocs\ci4\app\Views\news\create.php(22): CodeIgniter\Debug\Exceptions->errorHandler(2, 'Invalid argumen...', 'C:\\xampp\\htdocs...', 22, Array)
#1 C:\xampp\htdocs\ci4\system\View\View.php(210): include('C:\\xampp\\htdocs...')
#2 C:\xampp\htdocs\ci4\system\View\View.php(213): CodeIgniter\View\View->CodeIgniter\View\{closure}()
#3 C:\xampp\htdocs\ci4\system\Common.php(1089): CodeIgniter\View\View->render('news/create', Array, true)
#4 C:\xampp\htdocs\ci4\app\Controllers\News.php(237): view('news/create', Array)
#5 C:\xampp\htdocs\ci4\system\CodeIgniter.php(825): App\Controllers\News->edit('28')
#6 C:\xampp\htdocs\ci4\system\CodeIgniter.php(412): CodeIgniter\CodeIgniter->runController(Object(App\Controllers\News))
#7 C:\xampp\htdocs\ci4\system\CodeIgniter.php(320): CodeIgniter\CodeIgniter->handleRequest(NULL, Object(Config\Cache), false)
#8 C:\xampp\htdocs\ci4\public\index.php(37): CodeIgniter\CodeIgniter->run()
#9 {main}
CRITICAL - 2022-03-02 03:55:21 --> Invalid argument supplied for foreach()
#0 C:\xampp\htdocs\ci4\app\Views\news\create.php(22): CodeIgniter\Debug\Exceptions->errorHandler(2, 'Invalid argumen...', 'C:\\xampp\\htdocs...', 22, Array)
#1 C:\xampp\htdocs\ci4\system\View\View.php(210): include('C:\\xampp\\htdocs...')
#2 C:\xampp\htdocs\ci4\system\View\View.php(213): CodeIgniter\View\View->CodeIgniter\View\{closure}()
#3 C:\xampp\htdocs\ci4\system\Common.php(1089): CodeIgniter\View\View->render('news/create', Array, true)
#4 C:\xampp\htdocs\ci4\app\Controllers\News.php(237): view('news/create', Array)
#5 C:\xampp\htdocs\ci4\system\CodeIgniter.php(825): App\Controllers\News->edit('28')
#6 C:\xampp\htdocs\ci4\system\CodeIgniter.php(412): CodeIgniter\CodeIgniter->runController(Object(App\Controllers\News))
#7 C:\xampp\htdocs\ci4\system\CodeIgniter.php(320): CodeIgniter\CodeIgniter->handleRequest(NULL, Object(Config\Cache), false)
#8 C:\xampp\htdocs\ci4\public\index.php(37): CodeIgniter\CodeIgniter->run()
#9 {main}
CRITICAL - 2022-03-02 03:59:34 --> Invalid argument supplied for foreach()
#0 C:\xampp\htdocs\ci4\app\Views\news\create.php(22): CodeIgniter\Debug\Exceptions->errorHandler(2, 'Invalid argumen...', 'C:\\xampp\\htdocs...', 22, Array)
#1 C:\xampp\htdocs\ci4\system\View\View.php(210): include('C:\\xampp\\htdocs...')
#2 C:\xampp\htdocs\ci4\system\View\View.php(213): CodeIgniter\View\View->CodeIgniter\View\{closure}()
#3 C:\xampp\htdocs\ci4\system\Common.php(1089): CodeIgniter\View\View->render('news/create', Array, true)
#4 C:\xampp\htdocs\ci4\app\Controllers\News.php(137): view('news/create')
#5 C:\xampp\htdocs\ci4\system\CodeIgniter.php(825): App\Controllers\News->create()
#6 C:\xampp\htdocs\ci4\system\CodeIgniter.php(412): CodeIgniter\CodeIgniter->runController(Object(App\Controllers\News))
#7 C:\xampp\htdocs\ci4\system\CodeIgniter.php(320): CodeIgniter\CodeIgniter->handleRequest(NULL, Object(Config\Cache), false)
#8 C:\xampp\htdocs\ci4\public\index.php(37): CodeIgniter\CodeIgniter->run()
#9 {main}
CRITICAL - 2022-03-02 03:59:56 --> Invalid argument supplied for foreach()
#0 C:\xampp\htdocs\ci4\app\Views\news\create.php(22): CodeIgniter\Debug\Exceptions->errorHandler(2, 'Invalid argumen...', 'C:\\xampp\\htdocs...', 22, Array)
#1 C:\xampp\htdocs\ci4\system\View\View.php(210): include('C:\\xampp\\htdocs...')
#2 C:\xampp\htdocs\ci4\system\View\View.php(213): CodeIgniter\View\View->CodeIgniter\View\{closure}()
#3 C:\xampp\htdocs\ci4\system\Common.php(1089): CodeIgniter\View\View->render('news/create', Array, true)
#4 C:\xampp\htdocs\ci4\app\Controllers\News.php(138): view('news/create')
#5 C:\xampp\htdocs\ci4\system\CodeIgniter.php(825): App\Controllers\News->create()
#6 C:\xampp\htdocs\ci4\system\CodeIgniter.php(412): CodeIgniter\CodeIgniter->runController(Object(App\Controllers\News))
#7 C:\xampp\htdocs\ci4\system\CodeIgniter.php(320): CodeIgniter\CodeIgniter->handleRequest(NULL, Object(Config\Cache), false)
#8 C:\xampp\htdocs\ci4\public\index.php(37): CodeIgniter\CodeIgniter->run()
#9 {main}
CRITICAL - 2022-03-02 04:00:26 --> Argument 2 passed to view() must be of the type array, null given, called in C:\xampp\htdocs\ci4\app\Controllers\News.php on line 138
#0 C:\xampp\htdocs\ci4\app\Controllers\News.php(138): view('news/create', NULL)
#1 C:\xampp\htdocs\ci4\system\CodeIgniter.php(825): App\Controllers\News->create()
#2 C:\xampp\htdocs\ci4\system\CodeIgniter.php(412): CodeIgniter\CodeIgniter->runController(Object(App\Controllers\News))
#3 C:\xampp\htdocs\ci4\system\CodeIgniter.php(320): CodeIgniter\CodeIgniter->handleRequest(NULL, Object(Config\Cache), false)
#4 C:\xampp\htdocs\ci4\public\index.php(37): CodeIgniter\CodeIgniter->run()
#5 {main}
CRITICAL - 2022-03-02 04:11:29 --> Invalid argument supplied for foreach()
#0 C:\xampp\htdocs\ci4\app\Views\news\create.php(22): CodeIgniter\Debug\Exceptions->errorHandler(2, 'Invalid argumen...', 'C:\\xampp\\htdocs...', 22, Array)
#1 C:\xampp\htdocs\ci4\system\View\View.php(210): include('C:\\xampp\\htdocs...')
#2 C:\xampp\htdocs\ci4\system\View\View.php(213): CodeIgniter\View\View->CodeIgniter\View\{closure}()
#3 C:\xampp\htdocs\ci4\system\Common.php(1089): CodeIgniter\View\View->render('news/create', Array, true)
#4 C:\xampp\htdocs\ci4\app\Controllers\News.php(244): view('news/create', Array)
#5 C:\xampp\htdocs\ci4\system\CodeIgniter.php(825): App\Controllers\News->edit('28')
#6 C:\xampp\htdocs\ci4\system\CodeIgniter.php(412): CodeIgniter\CodeIgniter->runController(Object(App\Controllers\News))
#7 C:\xampp\htdocs\ci4\system\CodeIgniter.php(320): CodeIgniter\CodeIgniter->handleRequest(NULL, Object(Config\Cache), false)
#8 C:\xampp\htdocs\ci4\public\index.php(37): CodeIgniter\CodeIgniter->run()
#9 {main}
CRITICAL - 2022-03-02 04:14:22 --> Invalid argument supplied for foreach()
#0 C:\xampp\htdocs\ci4\app\Views\news\create.php(22): CodeIgniter\Debug\Exceptions->errorHandler(2, 'Invalid argumen...', 'C:\\xampp\\htdocs...', 22, Array)
#1 C:\xampp\htdocs\ci4\system\View\View.php(210): include('C:\\xampp\\htdocs...')
#2 C:\xampp\htdocs\ci4\system\View\View.php(213): CodeIgniter\View\View->CodeIgniter\View\{closure}()
#3 C:\xampp\htdocs\ci4\system\Common.php(1089): CodeIgniter\View\View->render('news/create', Array, true)
#4 C:\xampp\htdocs\ci4\app\Controllers\News.php(249): view('news/create', Array)
#5 C:\xampp\htdocs\ci4\system\CodeIgniter.php(825): App\Controllers\News->edit('28')
#6 C:\xampp\htdocs\ci4\system\CodeIgniter.php(412): CodeIgniter\CodeIgniter->runController(Object(App\Controllers\News))
#7 C:\xampp\htdocs\ci4\system\CodeIgniter.php(320): CodeIgniter\CodeIgniter->handleRequest(NULL, Object(Config\Cache), false)
#8 C:\xampp\htdocs\ci4\public\index.php(37): CodeIgniter\CodeIgniter->run()
#9 {main}
CRITICAL - 2022-03-02 04:15:25 --> syntax error, unexpected 'echo' (T_ECHO)
#0 C:\xampp\htdocs\ci4\system\Router\Router.php(175): CodeIgniter\Router\Router->autoRoute('news/edit/28')
#1 C:\xampp\htdocs\ci4\system\CodeIgniter.php(719): CodeIgniter\Router\Router->handle('news/edit/28')
#2 C:\xampp\htdocs\ci4\system\CodeIgniter.php(361): CodeIgniter\CodeIgniter->tryToRouteIt(Object(CodeIgniter\Router\RouteCollection))
#3 C:\xampp\htdocs\ci4\system\CodeIgniter.php(320): CodeIgniter\CodeIgniter->handleRequest(NULL, Object(Config\Cache), false)
#4 C:\xampp\htdocs\ci4\public\index.php(37): CodeIgniter\CodeIgniter->run()
#5 {main}
CRITICAL - 2022-03-02 04:24:24 --> Invalid argument supplied for foreach()
#0 C:\xampp\htdocs\ci4\app\Views\news\create.php(31): CodeIgniter\Debug\Exceptions->errorHandler(2, 'Invalid argumen...', 'C:\\xampp\\htdocs...', 31, Array)
#1 C:\xampp\htdocs\ci4\system\View\View.php(210): include('C:\\xampp\\htdocs...')
#2 C:\xampp\htdocs\ci4\system\View\View.php(213): CodeIgniter\View\View->CodeIgniter\View\{closure}()
#3 C:\xampp\htdocs\ci4\system\Common.php(1089): CodeIgniter\View\View->render('news/create', Array, true)
#4 C:\xampp\htdocs\ci4\app\Controllers\News.php(144): view('news/create', Array)
#5 C:\xampp\htdocs\ci4\system\CodeIgniter.php(825): App\Controllers\News->create()
#6 C:\xampp\htdocs\ci4\system\CodeIgniter.php(412): CodeIgniter\CodeIgniter->runController(Object(App\Controllers\News))
#7 C:\xampp\htdocs\ci4\system\CodeIgniter.php(320): CodeIgniter\CodeIgniter->handleRequest(NULL, Object(Config\Cache), false)
#8 C:\xampp\htdocs\ci4\public\index.php(37): CodeIgniter\CodeIgniter->run()
#9 {main}
CRITICAL - 2022-03-02 04:25:34 --> syntax error, unexpected ';', expecting ')'
#0 C:\xampp\htdocs\ci4\system\Autoloader\Autoloader.php(241): CodeIgniter\Autoloader\Autoloader->includeFile('C:\\xampp\\htdocs...')
#1 C:\xampp\htdocs\ci4\system\Autoloader\Autoloader.php(219): CodeIgniter\Autoloader\Autoloader->loadInNamespace('App\\Controllers...')
#2 [internal function]: CodeIgniter\Autoloader\Autoloader->loadClass('App\\Controllers...')
#3 [internal function]: spl_autoload_call('App\\Controllers...')
#4 C:\xampp\htdocs\ci4\system\CodeIgniter.php(790): class_exists('\\App\\Controller...', true)
#5 C:\xampp\htdocs\ci4\system\CodeIgniter.php(399): CodeIgniter\CodeIgniter->startController()
#6 C:\xampp\htdocs\ci4\system\CodeIgniter.php(320): CodeIgniter\CodeIgniter->handleRequest(NULL, Object(Config\Cache), false)
#7 C:\xampp\htdocs\ci4\public\index.php(37): CodeIgniter\CodeIgniter->run()
#8 {main}
CRITICAL - 2022-03-02 04:41:43 --> syntax error, unexpected '.'
#0 C:\xampp\htdocs\ci4\system\View\View.php(213): CodeIgniter\View\View->CodeIgniter\View\{closure}()
#1 C:\xampp\htdocs\ci4\system\Common.php(1089): CodeIgniter\View\View->render('news/create', Array, true)
#2 C:\xampp\htdocs\ci4\app\Controllers\News.php(144): view('news/create', Array)
#3 C:\xampp\htdocs\ci4\system\CodeIgniter.php(825): App\Controllers\News->create()
#4 C:\xampp\htdocs\ci4\system\CodeIgniter.php(412): CodeIgniter\CodeIgniter->runController(Object(App\Controllers\News))
#5 C:\xampp\htdocs\ci4\system\CodeIgniter.php(320): CodeIgniter\CodeIgniter->handleRequest(NULL, Object(Config\Cache), false)
#6 C:\xampp\htdocs\ci4\public\index.php(37): CodeIgniter\CodeIgniter->run()
#7 {main}
CRITICAL - 2022-03-02 05:04:02 --> Call to undefined method App\Controllers\News::request()
#0 C:\xampp\htdocs\ci4\system\CodeIgniter.php(825): App\Controllers\News->create()
#1 C:\xampp\htdocs\ci4\system\CodeIgniter.php(412): CodeIgniter\CodeIgniter->runController(Object(App\Controllers\News))
#2 C:\xampp\htdocs\ci4\system\CodeIgniter.php(320): CodeIgniter\CodeIgniter->handleRequest(NULL, Object(Config\Cache), false)
#3 C:\xampp\htdocs\ci4\public\index.php(37): CodeIgniter\CodeIgniter->run()
#4 {main}
CRITICAL - 2022-03-02 05:16:58 --> Call to a member function getVar() on null
#0 C:\xampp\htdocs\ci4\system\View\View.php(210): include()
#1 C:\xampp\htdocs\ci4\system\View\View.php(213): CodeIgniter\View\View->CodeIgniter\View\{closure}()
#2 C:\xampp\htdocs\ci4\system\Common.php(1089): CodeIgniter\View\View->render('news/create', Array, true)
#3 C:\xampp\htdocs\ci4\app\Controllers\News.php(265): view('news/create', Array)
#4 C:\xampp\htdocs\ci4\system\CodeIgniter.php(825): App\Controllers\News->edit('32')
#5 C:\xampp\htdocs\ci4\system\CodeIgniter.php(412): CodeIgniter\CodeIgniter->runController(Object(App\Controllers\News))
#6 C:\xampp\htdocs\ci4\system\CodeIgniter.php(320): CodeIgniter\CodeIgniter->handleRequest(NULL, Object(Config\Cache), false)
#7 C:\xampp\htdocs\ci4\public\index.php(37): CodeIgniter\CodeIgniter->run()
#8 {main}
CRITICAL - 2022-03-02 05:17:12 --> Call to a member function get() on null
#0 C:\xampp\htdocs\ci4\system\View\View.php(210): include()
#1 C:\xampp\htdocs\ci4\system\View\View.php(213): CodeIgniter\View\View->CodeIgniter\View\{closure}()
#2 C:\xampp\htdocs\ci4\system\Common.php(1089): CodeIgniter\View\View->render('news/create', Array, true)
#3 C:\xampp\htdocs\ci4\app\Controllers\News.php(265): view('news/create', Array)
#4 C:\xampp\htdocs\ci4\system\CodeIgniter.php(825): App\Controllers\News->edit('32')
#5 C:\xampp\htdocs\ci4\system\CodeIgniter.php(412): CodeIgniter\CodeIgniter->runController(Object(App\Controllers\News))
#6 C:\xampp\htdocs\ci4\system\CodeIgniter.php(320): CodeIgniter\CodeIgniter->handleRequest(NULL, Object(Config\Cache), false)
#7 C:\xampp\htdocs\ci4\public\index.php(37): CodeIgniter\CodeIgniter->run()
#8 {main}
CRITICAL - 2022-03-02 05:17:36 --> syntax error, unexpected '->' (T_OBJECT_OPERATOR)
#0 C:\xampp\htdocs\ci4\system\View\View.php(213): CodeIgniter\View\View->CodeIgniter\View\{closure}()
#1 C:\xampp\htdocs\ci4\system\Common.php(1089): CodeIgniter\View\View->render('news/create', Array, true)
#2 C:\xampp\htdocs\ci4\app\Controllers\News.php(265): view('news/create', Array)
#3 C:\xampp\htdocs\ci4\system\CodeIgniter.php(825): App\Controllers\News->edit('32')
#4 C:\xampp\htdocs\ci4\system\CodeIgniter.php(412): CodeIgniter\CodeIgniter->runController(Object(App\Controllers\News))
#5 C:\xampp\htdocs\ci4\system\CodeIgniter.php(320): CodeIgniter\CodeIgniter->handleRequest(NULL, Object(Config\Cache), false)
#6 C:\xampp\htdocs\ci4\public\index.php(37): CodeIgniter\CodeIgniter->run()
#7 {main}
CRITICAL - 2022-03-02 05:17:52 --> Call to undefined function getVar()
#0 C:\xampp\htdocs\ci4\system\View\View.php(210): include()
#1 C:\xampp\htdocs\ci4\system\View\View.php(213): CodeIgniter\View\View->CodeIgniter\View\{closure}()
#2 C:\xampp\htdocs\ci4\system\Common.php(1089): CodeIgniter\View\View->render('news/create', Array, true)
#3 C:\xampp\htdocs\ci4\app\Controllers\News.php(265): view('news/create', Array)
#4 C:\xampp\htdocs\ci4\system\CodeIgniter.php(825): App\Controllers\News->edit('32')
#5 C:\xampp\htdocs\ci4\system\CodeIgniter.php(412): CodeIgniter\CodeIgniter->runController(Object(App\Controllers\News))
#6 C:\xampp\htdocs\ci4\system\CodeIgniter.php(320): CodeIgniter\CodeIgniter->handleRequest(NULL, Object(Config\Cache), false)
#7 C:\xampp\htdocs\ci4\public\index.php(37): CodeIgniter\CodeIgniter->run()
#8 {main}
CRITICAL - 2022-03-02 05:18:16 --> syntax error, unexpected ')'
#0 C:\xampp\htdocs\ci4\system\View\View.php(213): CodeIgniter\View\View->CodeIgniter\View\{closure}()
#1 C:\xampp\htdocs\ci4\system\Common.php(1089): CodeIgniter\View\View->render('news/create', Array, true)
#2 C:\xampp\htdocs\ci4\app\Controllers\News.php(265): view('news/create', Array)
#3 C:\xampp\htdocs\ci4\system\CodeIgniter.php(825): App\Controllers\News->edit('32')
#4 C:\xampp\htdocs\ci4\system\CodeIgniter.php(412): CodeIgniter\CodeIgniter->runController(Object(App\Controllers\News))
#5 C:\xampp\htdocs\ci4\system\CodeIgniter.php(320): CodeIgniter\CodeIgniter->handleRequest(NULL, Object(Config\Cache), false)
#6 C:\xampp\htdocs\ci4\public\index.php(37): CodeIgniter\CodeIgniter->run()
#7 {main}
CRITICAL - 2022-03-02 05:19:43 --> Call to a member function get() on null
#0 C:\xampp\htdocs\ci4\system\View\View.php(210): include()
#1 C:\xampp\htdocs\ci4\system\View\View.php(213): CodeIgniter\View\View->CodeIgniter\View\{closure}()
#2 C:\xampp\htdocs\ci4\system\Common.php(1089): CodeIgniter\View\View->render('news/create', Array, true)
#3 C:\xampp\htdocs\ci4\app\Controllers\News.php(265): view('news/create', Array)
#4 C:\xampp\htdocs\ci4\system\CodeIgniter.php(825): App\Controllers\News->edit('32')
#5 C:\xampp\htdocs\ci4\system\CodeIgniter.php(412): CodeIgniter\CodeIgniter->runController(Object(App\Controllers\News))
#6 C:\xampp\htdocs\ci4\system\CodeIgniter.php(320): CodeIgniter\CodeIgniter->handleRequest(NULL, Object(Config\Cache), false)
#7 C:\xampp\htdocs\ci4\public\index.php(37): CodeIgniter\CodeIgniter->run()
#8 {main}
CRITICAL - 2022-03-02 05:43:18 --> syntax error, unexpected end of file, expecting function (T_FUNCTION) or const (T_CONST)
#0 C:\xampp\htdocs\ci4\system\Autoloader\Autoloader.php(241): CodeIgniter\Autoloader\Autoloader->includeFile('C:\\xampp\\htdocs...')
#1 C:\xampp\htdocs\ci4\system\Autoloader\Autoloader.php(219): CodeIgniter\Autoloader\Autoloader->loadInNamespace('App\\Controllers...')
#2 [internal function]: CodeIgniter\Autoloader\Autoloader->loadClass('App\\Controllers...')
#3 [internal function]: spl_autoload_call('App\\Controllers...')
#4 C:\xampp\htdocs\ci4\system\CodeIgniter.php(790): class_exists('\\App\\Controller...', true)
#5 C:\xampp\htdocs\ci4\system\CodeIgniter.php(399): CodeIgniter\CodeIgniter->startController()
#6 C:\xampp\htdocs\ci4\system\CodeIgniter.php(320): CodeIgniter\CodeIgniter->handleRequest(NULL, Object(Config\Cache), false)
#7 C:\xampp\htdocs\ci4\public\index.php(37): CodeIgniter\CodeIgniter->run()
#8 {main}
CRITICAL - 2022-03-02 05:59:37 --> There is no data to update.
#0 C:\xampp\htdocs\ci4\system\BaseModel.php(1574): CodeIgniter\Database\Exceptions\DataException::forEmptyDataset('update')
#1 C:\xampp\htdocs\ci4\system\BaseModel.php(832): CodeIgniter\BaseModel->transformDataToArray(NULL, 'update')
#2 C:\xampp\htdocs\ci4\system\Model.php(651): CodeIgniter\BaseModel->update(Array, NULL)
#3 C:\xampp\htdocs\ci4\app\Controllers\News.php(292): CodeIgniter\Model->update(Array)
#4 C:\xampp\htdocs\ci4\system\CodeIgniter.php(825): App\Controllers\News->update()
#5 C:\xampp\htdocs\ci4\system\CodeIgniter.php(412): CodeIgniter\CodeIgniter->runController(Object(App\Controllers\News))
#6 C:\xampp\htdocs\ci4\system\CodeIgniter.php(320): CodeIgniter\CodeIgniter->handleRequest(NULL, Object(Config\Cache), false)
#7 C:\xampp\htdocs\ci4\public\index.php(37): CodeIgniter\CodeIgniter->run()
#8 {main}
CRITICAL - 2022-03-02 06:00:48 --> There is no data to update.
#0 C:\xampp\htdocs\ci4\system\BaseModel.php(1574): CodeIgniter\Database\Exceptions\DataException::forEmptyDataset('update')
#1 C:\xampp\htdocs\ci4\system\BaseModel.php(832): CodeIgniter\BaseModel->transformDataToArray(NULL, 'update')
#2 C:\xampp\htdocs\ci4\system\Model.php(651): CodeIgniter\BaseModel->update(Array, NULL)
#3 C:\xampp\htdocs\ci4\app\Controllers\News.php(292): CodeIgniter\Model->update(Array)
#4 C:\xampp\htdocs\ci4\system\CodeIgniter.php(825): App\Controllers\News->update()
#5 C:\xampp\htdocs\ci4\system\CodeIgniter.php(412): CodeIgniter\CodeIgniter->runController(Object(App\Controllers\News))
#6 C:\xampp\htdocs\ci4\system\CodeIgniter.php(320): CodeIgniter\CodeIgniter->handleRequest(NULL, Object(Config\Cache), false)
#7 C:\xampp\htdocs\ci4\public\index.php(37): CodeIgniter\CodeIgniter->run()
#8 {main}
CRITICAL - 2022-03-02 06:03:55 --> There is no data to update.
#0 C:\xampp\htdocs\ci4\system\BaseModel.php(1574): CodeIgniter\Database\Exceptions\DataException::forEmptyDataset('update')
#1 C:\xampp\htdocs\ci4\system\BaseModel.php(832): CodeIgniter\BaseModel->transformDataToArray(NULL, 'update')
#2 C:\xampp\htdocs\ci4\system\Model.php(651): CodeIgniter\BaseModel->update(Array, NULL)
#3 C:\xampp\htdocs\ci4\app\Controllers\News.php(293): CodeIgniter\Model->update(Array)
#4 C:\xampp\htdocs\ci4\system\CodeIgniter.php(825): App\Controllers\News->update()
#5 C:\xampp\htdocs\ci4\system\CodeIgniter.php(412): CodeIgniter\CodeIgniter->runController(Object(App\Controllers\News))
#6 C:\xampp\htdocs\ci4\system\CodeIgniter.php(320): CodeIgniter\CodeIgniter->handleRequest(NULL, Object(Config\Cache), false)
#7 C:\xampp\htdocs\ci4\public\index.php(37): CodeIgniter\CodeIgniter->run()
#8 {main}
CRITICAL - 2022-03-02 06:06:16 --> syntax error, unexpected '$model' (T_VARIABLE)
#0 C:\xampp\htdocs\ci4\system\Router\Router.php(175): CodeIgniter\Router\Router->autoRoute('news/edit/32')
#1 C:\xampp\htdocs\ci4\system\CodeIgniter.php(719): CodeIgniter\Router\Router->handle('news/edit/32')
#2 C:\xampp\htdocs\ci4\system\CodeIgniter.php(361): CodeIgniter\CodeIgniter->tryToRouteIt(Object(CodeIgniter\Router\RouteCollection))
#3 C:\xampp\htdocs\ci4\system\CodeIgniter.php(320): CodeIgniter\CodeIgniter->handleRequest(NULL, Object(Config\Cache), false)
#4 C:\xampp\htdocs\ci4\public\index.php(37): CodeIgniter\CodeIgniter->run()
#5 {main}
CRITICAL - 2022-03-02 06:06:18 --> syntax error, unexpected '$model' (T_VARIABLE)
#0 C:\xampp\htdocs\ci4\system\Router\Router.php(175): CodeIgniter\Router\Router->autoRoute('news/edit/32')
#1 C:\xampp\htdocs\ci4\system\CodeIgniter.php(719): CodeIgniter\Router\Router->handle('news/edit/32')
#2 C:\xampp\htdocs\ci4\system\CodeIgniter.php(361): CodeIgniter\CodeIgniter->tryToRouteIt(Object(CodeIgniter\Router\RouteCollection))
#3 C:\xampp\htdocs\ci4\system\CodeIgniter.php(320): CodeIgniter\CodeIgniter->handleRequest(NULL, Object(Config\Cache), false)
#4 C:\xampp\htdocs\ci4\public\index.php(37): CodeIgniter\CodeIgniter->run()
#5 {main}
CRITICAL - 2022-03-02 06:06:19 --> syntax error, unexpected '$model' (T_VARIABLE)
#0 C:\xampp\htdocs\ci4\system\Autoloader\Autoloader.php(241): CodeIgniter\Autoloader\Autoloader->includeFile('C:\\xampp\\htdocs...')
#1 C:\xampp\htdocs\ci4\system\Autoloader\Autoloader.php(219): CodeIgniter\Autoloader\Autoloader->loadInNamespace('App\\Controllers...')
#2 [internal function]: CodeIgniter\Autoloader\Autoloader->loadClass('App\\Controllers...')
#3 [internal function]: spl_autoload_call('App\\Controllers...')
#4 C:\xampp\htdocs\ci4\system\CodeIgniter.php(790): class_exists('\\App\\Controller...', true)
#5 C:\xampp\htdocs\ci4\system\CodeIgniter.php(399): CodeIgniter\CodeIgniter->startController()
#6 C:\xampp\htdocs\ci4\system\CodeIgniter.php(320): CodeIgniter\CodeIgniter->handleRequest(NULL, Object(Config\Cache), false)
#7 C:\xampp\htdocs\ci4\public\index.php(37): CodeIgniter\CodeIgniter->run()
#8 {main}
CRITICAL - 2022-03-02 06:07:55 --> There is no data to update.
#0 C:\xampp\htdocs\ci4\system\BaseModel.php(1574): CodeIgniter\Database\Exceptions\DataException::forEmptyDataset('update')
#1 C:\xampp\htdocs\ci4\system\BaseModel.php(832): CodeIgniter\BaseModel->transformDataToArray(NULL, 'update')
#2 C:\xampp\htdocs\ci4\system\Model.php(651): CodeIgniter\BaseModel->update(Array, NULL)
#3 C:\xampp\htdocs\ci4\app\Controllers\News.php(297): CodeIgniter\Model->update(Array)
#4 C:\xampp\htdocs\ci4\system\CodeIgniter.php(825): App\Controllers\News->update()
#5 C:\xampp\htdocs\ci4\system\CodeIgniter.php(412): CodeIgniter\CodeIgniter->runController(Object(App\Controllers\News))
#6 C:\xampp\htdocs\ci4\system\CodeIgniter.php(320): CodeIgniter\CodeIgniter->handleRequest(NULL, Object(Config\Cache), false)
#7 C:\xampp\htdocs\ci4\public\index.php(37): CodeIgniter\CodeIgniter->run()
#8 {main}
CRITICAL - 2022-03-02 06:08:28 --> There is no data to update.
#0 C:\xampp\htdocs\ci4\system\BaseModel.php(1574): CodeIgniter\Database\Exceptions\DataException::forEmptyDataset('update')
#1 C:\xampp\htdocs\ci4\system\BaseModel.php(832): CodeIgniter\BaseModel->transformDataToArray(NULL, 'update')
#2 C:\xampp\htdocs\ci4\system\Model.php(651): CodeIgniter\BaseModel->update(Array, NULL)
#3 C:\xampp\htdocs\ci4\app\Controllers\News.php(294): CodeIgniter\Model->update(Array)
#4 C:\xampp\htdocs\ci4\system\CodeIgniter.php(825): App\Controllers\News->update()
#5 C:\xampp\htdocs\ci4\system\CodeIgniter.php(412): CodeIgniter\CodeIgniter->runController(Object(App\Controllers\News))
#6 C:\xampp\htdocs\ci4\system\CodeIgniter.php(320): CodeIgniter\CodeIgniter->handleRequest(NULL, Object(Config\Cache), false)
#7 C:\xampp\htdocs\ci4\public\index.php(37): CodeIgniter\CodeIgniter->run()
#8 {main}
CRITICAL - 2022-03-02 06:09:20 --> There is no data to update.
#0 C:\xampp\htdocs\ci4\system\BaseModel.php(1574): CodeIgniter\Database\Exceptions\DataException::forEmptyDataset('update')
#1 C:\xampp\htdocs\ci4\system\BaseModel.php(832): CodeIgniter\BaseModel->transformDataToArray(NULL, 'update')
#2 C:\xampp\htdocs\ci4\system\Model.php(651): CodeIgniter\BaseModel->update(Array, NULL)
#3 C:\xampp\htdocs\ci4\app\Controllers\News.php(298): CodeIgniter\Model->update(Array)
#4 C:\xampp\htdocs\ci4\system\CodeIgniter.php(825): App\Controllers\News->update()
#5 C:\xampp\htdocs\ci4\system\CodeIgniter.php(412): CodeIgniter\CodeIgniter->runController(Object(App\Controllers\News))
#6 C:\xampp\htdocs\ci4\system\CodeIgniter.php(320): CodeIgniter\CodeIgniter->handleRequest(NULL, Object(Config\Cache), false)
#7 C:\xampp\htdocs\ci4\public\index.php(37): CodeIgniter\CodeIgniter->run()
#8 {main}
CRITICAL - 2022-03-02 06:09:42 --> There is no data to update.
#0 C:\xampp\htdocs\ci4\system\BaseModel.php(1574): CodeIgniter\Database\Exceptions\DataException::forEmptyDataset('update')
#1 C:\xampp\htdocs\ci4\system\BaseModel.php(832): CodeIgniter\BaseModel->transformDataToArray(NULL, 'update')
#2 C:\xampp\htdocs\ci4\system\Model.php(651): CodeIgniter\BaseModel->update(Array, NULL)
#3 C:\xampp\htdocs\ci4\app\Controllers\News.php(296): CodeIgniter\Model->update(Array)
#4 C:\xampp\htdocs\ci4\system\CodeIgniter.php(825): App\Controllers\News->update()
#5 C:\xampp\htdocs\ci4\system\CodeIgniter.php(412): CodeIgniter\CodeIgniter->runController(Object(App\Controllers\News))
#6 C:\xampp\htdocs\ci4\system\CodeIgniter.php(320): CodeIgniter\CodeIgniter->handleRequest(NULL, Object(Config\Cache), false)
#7 C:\xampp\htdocs\ci4\public\index.php(37): CodeIgniter\CodeIgniter->run()
#8 {main}
CRITICAL - 2022-03-02 06:18:03 --> There is no data to update.
#0 C:\xampp\htdocs\ci4\system\BaseModel.php(1574): CodeIgniter\Database\Exceptions\DataException::forEmptyDataset('update')
#1 C:\xampp\htdocs\ci4\system\BaseModel.php(832): CodeIgniter\BaseModel->transformDataToArray(NULL, 'update')
#2 C:\xampp\htdocs\ci4\system\Model.php(651): CodeIgniter\BaseModel->update(Array, NULL)
#3 C:\xampp\htdocs\ci4\app\Controllers\News.php(295): CodeIgniter\Model->update(Array)
#4 C:\xampp\htdocs\ci4\system\CodeIgniter.php(825): App\Controllers\News->update()
#5 C:\xampp\htdocs\ci4\system\CodeIgniter.php(412): CodeIgniter\CodeIgniter->runController(Object(App\Controllers\News))
#6 C:\xampp\htdocs\ci4\system\CodeIgniter.php(320): CodeIgniter\CodeIgniter->handleRequest(NULL, Object(Config\Cache), false)
#7 C:\xampp\htdocs\ci4\public\index.php(37): CodeIgniter\CodeIgniter->run()
#8 {main}
CRITICAL - 2022-03-02 06:19:09 --> There is no data to update.
#0 C:\xampp\htdocs\ci4\system\BaseModel.php(1574): CodeIgniter\Database\Exceptions\DataException::forEmptyDataset('update')
#1 C:\xampp\htdocs\ci4\system\BaseModel.php(832): CodeIgniter\BaseModel->transformDataToArray(NULL, 'update')
#2 C:\xampp\htdocs\ci4\system\Model.php(651): CodeIgniter\BaseModel->update(Array, NULL)
#3 C:\xampp\htdocs\ci4\app\Controllers\News.php(295): CodeIgniter\Model->update(Array)
#4 C:\xampp\htdocs\ci4\system\CodeIgniter.php(825): App\Controllers\News->update()
#5 C:\xampp\htdocs\ci4\system\CodeIgniter.php(412): CodeIgniter\CodeIgniter->runController(Object(App\Controllers\News))
#6 C:\xampp\htdocs\ci4\system\CodeIgniter.php(320): CodeIgniter\CodeIgniter->handleRequest(NULL, Object(Config\Cache), false)
#7 C:\xampp\htdocs\ci4\public\index.php(37): CodeIgniter\CodeIgniter->run()
#8 {main}
CRITICAL - 2022-03-02 06:20:00 --> There is no data to update.
#0 C:\xampp\htdocs\ci4\system\BaseModel.php(1574): CodeIgniter\Database\Exceptions\DataException::forEmptyDataset('update')
#1 C:\xampp\htdocs\ci4\system\BaseModel.php(832): CodeIgniter\BaseModel->transformDataToArray(NULL, 'update')
#2 C:\xampp\htdocs\ci4\system\Model.php(651): CodeIgniter\BaseModel->update(Array, NULL)
#3 C:\xampp\htdocs\ci4\app\Controllers\News.php(295): CodeIgniter\Model->update(Array)
#4 C:\xampp\htdocs\ci4\system\CodeIgniter.php(825): App\Controllers\News->update()
#5 C:\xampp\htdocs\ci4\system\CodeIgniter.php(412): CodeIgniter\CodeIgniter->runController(Object(App\Controllers\News))
#6 C:\xampp\htdocs\ci4\system\CodeIgniter.php(320): CodeIgniter\CodeIgniter->handleRequest(NULL, Object(Config\Cache), false)
#7 C:\xampp\htdocs\ci4\public\index.php(37): CodeIgniter\CodeIgniter->run()
#8 {main}
